<?xml version="1.0" encoding="UTF-8"?>
<testsuite xmlns:xsi="http://www.w3.org/2001/XMLSchema-instance" xsi:noNamespaceSchemaLocation="https://maven.apache.org/surefire/maven-surefire-plugin/xsd/surefire-test-report.xsd" name="fr.quentinmathieu.AppTest" time="0.034" tests="3" errors="0" skipped="0" failures="0">
  <properties>
    <property name="java.specification.version" value="22"/>
    <property name="sun.cpu.isalist" value="amd64"/>
    <property name="sun.jnu.encoding" value="Cp1252"/>
    <property name="java.class.path" value="c:\Users\MATHIEU\Documents\AFPA\ini_java\algos\target\test-classes;c:\Users\MATHIEU\Documents\AFPA\ini_java\algos\target\classes;C:\Users\MATHIEU\.m2\repository\junit\junit\4.11\junit-4.11.jar;C:\Users\MATHIEU\.m2\repository\org\hamcrest\hamcrest-core\1.3\hamcrest-core-1.3.jar;"/>
    <property name="java.vm.vendor" value="Oracle Corporation"/>
    <property name="sun.arch.data.model" value="64"/>
    <property name="user.variant" value=""/>
    <property name="java.vendor.url" value="https://java.oracle.com/"/>
    <property name="user.timezone" value="Europe/Paris"/>
    <property name="os.name" value="Windows 11"/>
    <property name="java.vm.specification.version" value="22"/>
    <property name="sun.java.launcher" value="SUN_STANDARD"/>
    <property name="user.country" value="FR"/>
    <property name="sun.boot.library.path" value="C:\Program Files\Java\jdk-22\bin"/>
    <property name="sun.java.command" value="C:\Users\MATHIEU\AppData\Local\Temp\surefire14320597487954487798\surefirebooter9835830239260904223.jar C:\Users\MATHIEU\AppData\Local\Temp\surefire14320597487954487798 2024-06-10T14-05-13_871-jvmRun1 surefire14184178209888002714tmp surefire_014945804993587321472tmp"/>
    <property name="jdk.debug" value="release"/>
    <property name="surefire.test.class.path" value="c:\Users\MATHIEU\Documents\AFPA\ini_java\algos\target\test-classes;c:\Users\MATHIEU\Documents\AFPA\ini_java\algos\target\classes;C:\Users\MATHIEU\.m2\repository\junit\junit\4.11\junit-4.11.jar;C:\Users\MATHIEU\.m2\repository\org\hamcrest\hamcrest-core\1.3\hamcrest-core-1.3.jar;"/>
    <property name="sun.cpu.endian" value="little"/>
    <property name="user.home" value="C:\Users\MATHIEU"/>
    <property name="user.language" value="fr"/>
    <property name="java.specification.vendor" value="Oracle Corporation"/>
    <property name="java.version.date" value="2024-04-16"/>
    <property name="java.home" value="C:\Program Files\Java\jdk-22"/>
    <property name="file.separator" value="\"/>
    <property name="basedir" value="c:\Users\MATHIEU\Documents\AFPA\ini_java\algos"/>
    <property name="java.vm.compressedOopsMode" value="Zero based"/>
    <property name="line.separator" value="&#10;"/>
    <property name="java.vm.specification.vendor" value="Oracle Corporation"/>
    <property name="java.specification.name" value="Java Platform API Specification"/>
    <property name="surefire.real.class.path" value="C:\Users\MATHIEU\AppData\Local\Temp\surefire14320597487954487798\surefirebooter9835830239260904223.jar"/>
    <property name="user.script" value=""/>
    <property name="sun.management.compiler" value="HotSpot 64-Bit Tiered Compilers"/>
    <property name="java.runtime.version" value="22.0.1+8-16"/>
    <property name="user.name" value="MATHIEU"/>
    <property name="stdout.encoding" value="Cp1252"/>
    <property name="path.separator" value=";"/>
    <property name="os.version" value="10.0"/>
    <property name="java.runtime.name" value="Java(TM) SE Runtime Environment"/>
    <property name="file.encoding" value="UTF-8"/>
    <property name="java.vm.name" value="Java HotSpot(TM) 64-Bit Server VM"/>
    <property name="localRepository" value="C:\Users\MATHIEU\.m2\repository"/>
    <property name="java.vendor.url.bug" value="https://bugreport.java.com/bugreport/"/>
    <property name="java.io.tmpdir" value="C:\Users\MATHIEU\AppData\Local\Temp\"/>
    <property name="java.version" value="22.0.1"/>
    <property name="user.dir" value="c:\Users\MATHIEU\Documents\AFPA\ini_java\algos"/>
    <property name="os.arch" value="amd64"/>
    <property name="java.vm.specification.name" value="Java Virtual Machine Specification"/>
    <property name="sun.os.patch.level" value=""/>
    <property name="native.encoding" value="Cp1252"/>
    <property name="java.library.path" value="C:\Program Files\Java\jdk-22\bin;C:\Windows\Sun\Java\bin;C:\Windows\system32;C:\Windows;C:\Users\MATHIEU\bin;C:\Users\MATHIEU\scoop\apps\git\2.45.2\mingw64\bin;C:\Users\MATHIEU\scoop\apps\git\2.45.2\usr\local\bin;C:\Users\MATHIEU\scoop\apps\git\2.45.2\usr\bin;C:\Users\MATHIEU\scoop\apps\git\2.45.2\usr\bin;C:\Users\MATHIEU\scoop\apps\git\2.45.2\mingw64\bin;C:\Users\MATHIEU\scoop\apps\git\2.45.2\usr\bin;C:\Users\MATHIEU\bin;C:\Program Files\Common Files\Oracle\Java\javapath;C:\Windows\system32;C:\Windows;C:\Windows\System32\Wbem;C:\Windows\System32\WindowsPowerShell\v1.0;C:\Windows\System32\OpenSSH;C:\laragon\bin\php\php-8.2.20-nts-Win32-vs16-x64;C:\ProgramData\ComposerSetup\bin;C:\Users\MATHIEU\scoop\shims;C:\Users\MATHIEU\AppData\Local\Microsoft\WindowsApps;C:\Users\MATHIEU\AppData\Local\Programs\Microsoft VS Code\bin;C:\Users\MATHIEU\AppData\Roaming\Composer\vendor\bin;C:\Quentin\Programme files\apache-maven-3.9.7-bin\apache-maven-3.9.7\bin;C:\Users\MATHIEU\scoop\apps\git\2.45.2\usr\bin\vendor_perl;C:\Users\MATHIEU\scoop\apps\git\2.45.2\usr\bin\core_perl;."/>
    <property name="java.vm.info" value="mixed mode, sharing"/>
    <property name="stderr.encoding" value="Cp1252"/>
    <property name="java.vendor" value="Oracle Corporation"/>
    <property name="java.vm.version" value="22.0.1+8-16"/>
    <property name="sun.io.unicode.encoding" value="UnicodeLittle"/>
    <property name="java.class.version" value="66.0"/>
  </properties>
  <testcase name="calcSumNumbersTest" classname="fr.quentinmathieu.AppTest" time="0.014"/>
  <testcase name="shouldAnswerWithTrue" classname="fr.quentinmathieu.AppTest" time="0"/>
  <testcase name="checkCardNumberIsLuhn" classname="fr.quentinmathieu.AppTest" time="0.002"/>
</testsuite>